<?xml version="1.0" encoding="UTF-8"?>
<!-- Generated by org.testng.reporters.JUnitReportReporter -->
<testsuite skipped="0" hostname="DESKTOP-RDHN4KM" name="com.excelautomation.tests.MPGTest" tests="1" failures="0" timestamp="21 Jun 2019 17:03:46 GMT" time="51.351" errors="0">
  <testcase name="gasMileageDDT" time="51.351" classname="com.excelautomation.tests.MPGTest"/>
</testsuite> <!-- com.excelautomation.tests.MPGTest -->
