<?xml version="1.0" encoding="UTF-8"?>
<!-- Generated by org.testng.reporters.JUnitReportReporter -->
<testsuite skipped="0" hostname="DESKTOP-RDHN4KM" name="com.excelautomation.tests.Practice" tests="1" failures="0" timestamp="24 Apr 2019 16:49:37 GMT" time="2.287" errors="0">
  <testcase name="getMapList" time="2.287" classname="com.excelautomation.tests.Practice"/>
</testsuite> <!-- com.excelautomation.tests.Practice -->
