<?xml version="1.0" encoding="UTF-8"?>
<!-- Generated by org.testng.reporters.JUnitReportReporter -->
<testsuite skipped="0" hostname="DESKTOP-RDHN4KM" name="com.excelautomation.tests.CreateReadWriteExcelFile" tests="1" failures="0" timestamp="08 May 2019 14:14:10 GMT" time="1.297" errors="0">
  <testcase name="createExcelFile" time="1.297" classname="com.excelautomation.tests.CreateReadWriteExcelFile"/>
</testsuite> <!-- com.excelautomation.tests.CreateReadWriteExcelFile -->
